# JRE version: Java(TM) SE Runtime Environment (8.0_171-b11) (build 1.8.0_171-b11)
# Java VM: Java HotSpot(TM) 64-Bit Server VM (25.171-b11 mixed mode windows-amd64 )
Heap:
 PSYoungGen      total 104960K, used 50884K [0x0000001fb8000000, 0x0000001fc0000000, 0x0000001fc0000000)
  eden space 84992K, 36% used [0x0000001fb8000000,0x0000001fb9e75dc8,0x0000001fbd300000)
  from space 19968K, 98% used [0x0000001fbd300000,0x0000001fbe63b498,0x0000001fbe680000)
  to   space 25600K, 0% used [0x0000001fbe700000,0x0000001fbe700000,0x0000001fc0000000)
 ParOldGen       total 398336K, used 99513K [0x0000000080000000, 0x0000000098500000, 0x0000001fb8000000)
  object space 398336K, 24% used [0x0000000080000000,0x000000008612e6d8,0x0000000098500000)
 Metaspace       used 96568K, capacity 109627K, committed 109824K, reserved 110592K
GC Heap History (10 events):
Event: 3001.976 GC heap before
{Heap before GC invocations=43 (full 4):
 PSYoungGen      total 109568K, used 102306K [0x0000001fb8000000, 0x0000001fc0000000, 0x0000001fc0000000)
  eden space 90112K, 100% used [0x0000001fb8000000,0x0000001fbd800000,0x0000001fbd800000)
  from space 19456K, 62% used [0x0000001fbed00000,0x0000001fbf8e8aa8,0x0000001fc0000000)
  to   space 20480K, 0% used [0x0000001fbd800000,0x0000001fbd800000,0x0000001fbec00000)
 ParOldGen       total 398336K, used 97395K [0x0000000080000000, 0x0000000098500000, 0x0000001fb8000000)
  object space 398336K, 24% used [0x0000000080000000,0x0000000085f1cd38,0x0000000098500000)
 Metaspace       used 89094K, capacity 101953K, committed 102144K, reserved 102400K
Event: 3002.025 GC heap after
Heap after GC invocations=43 (full 4):
 PSYoungGen      total 110592K, used 6688K [0x0000001fb8000000, 0x0000001fc0000000, 0x0000001fc0000000)
  eden space 90112K, 0% used [0x0000001fb8000000,0x0000001fb8000000,0x0000001fbd800000)
  from space 20480K, 32% used [0x0000001fbd800000,0x0000001fbde883a0,0x0000001fbec00000)
  to   space 19456K, 0% used [0x0000001fbed00000,0x0000001fbed00000,0x0000001fc0000000)
 ParOldGen       total 398336K, used 99295K [0x0000000080000000, 0x0000000098500000, 0x0000001fb8000000)
  object space 398336K, 24% used [0x0000000080000000,0x00000000860f7e10,0x0000000098500000)
 Metaspace       used 89094K, capacity 101953K, committed 102144K, reserved 102400K
}
Event: 3040.620 GC heap before
{Heap before GC invocations=44 (full 4):
 PSYoungGen      total 110592K, used 96800K [0x0000001fb8000000, 0x0000001fc0000000, 0x0000001fc0000000)
  eden space 90112K, 100% used [0x0000001fb8000000,0x0000001fbd800000,0x0000001fbd800000)
  from space 20480K, 32% used [0x0000001fbd800000,0x0000001fbde883a0,0x0000001fbec00000)
  to   space 19456K, 0% used [0x0000001fbed00000,0x0000001fbed00000,0x0000001fc0000000)
 ParOldGen       total 398336K, used 99295K [0x0000000080000000, 0x0000000098500000, 0x0000001fb8000000)
  object space 398336K, 24% used [0x0000000080000000,0x00000000860f7e10,0x0000000098500000)
 Metaspace       used 89140K, capacity 101953K, committed 102144K, reserved 102400K
Event: 3040.676 GC heap after
Heap after GC invocations=44 (full 4):
 PSYoungGen      total 112128K, used 8492K [0x0000001fb8000000, 0x0000001fc0000000, 0x0000001fc0000000)
  eden space 92672K, 0% used [0x0000001fb8000000,0x0000001fb8000000,0x0000001fbda80000)
  from space 19456K, 43% used [0x0000001fbed00000,0x0000001fbf54b3d8,0x0000001fc0000000)
  to   space 18944K, 0% used [0x0000001fbda80000,0x0000001fbda80000,0x0000001fbed00000)
 ParOldGen       total 398336K, used 99295K [0x0000000080000000, 0x0000000098500000, 0x0000001fb8000000)
  object space 398336K, 24% used [0x0000000080000000,0x00000000860f7e10,0x0000000098500000)
 Metaspace       used 89140K, capacity 101953K, committed 102144K, reserved 102400K
}
Event: 3064.820 GC heap before
{Heap before GC invocations=45 (full 4):
 PSYoungGen      total 112128K, used 101164K [0x0000001fb8000000, 0x0000001fc0000000, 0x0000001fc0000000)
  eden space 92672K, 100% used [0x0000001fb8000000,0x0000001fbda80000,0x0000001fbda80000)
  from space 19456K, 43% used [0x0000001fbed00000,0x0000001fbf54b3d8,0x0000001fc0000000)
  to   space 18944K, 0% used [0x0000001fbda80000,0x0000001fbda80000,0x0000001fbed00000)
 ParOldGen       total 398336K, used 99295K [0x0000000080000000, 0x0000000098500000, 0x0000001fb8000000)
  object space 398336K, 24% used [0x0000000080000000,0x00000000860f7e10,0x0000000098500000)
 Metaspace       used 89349K, capacity 102288K, committed 102400K, reserved 102400K
Event: 3064.836 GC heap after
Heap after GC invocations=45 (full 4):
 PSYoungGen      total 105472K, used 13536K [0x0000001fb8000000, 0x0000001fc0000000, 0x0000001fc0000000)
  eden space 91648K, 0% used [0x0000001fb8000000,0x0000001fb8000000,0x0000001fbd980000)
  from space 13824K, 97% used [0x0000001fbda80000,0x0000001fbe7b81f0,0x0000001fbe800000)
  to   space 20480K, 0% used [0x0000001fbec00000,0x0000001fbec00000,0x0000001fc0000000)
 ParOldGen       total 398336K, used 99303K [0x0000000080000000, 0x0000000098500000, 0x0000001fb8000000)
  object space 398336K, 24% used [0x0000000080000000,0x00000000860f9e10,0x0000000098500000)
 Metaspace       used 89349K, capacity 102288K, committed 102400K, reserved 102400K
}
Event: 3065.016 GC heap before
{Heap before GC invocations=46 (full 4):
 PSYoungGen      total 105472K, used 105184K [0x0000001fb8000000, 0x0000001fc0000000, 0x0000001fc0000000)
  eden space 91648K, 100% used [0x0000001fb8000000,0x0000001fbd980000,0x0000001fbd980000)
  from space 13824K, 97% used [0x0000001fbda80000,0x0000001fbe7b81f0,0x0000001fbe800000)
  to   space 20480K, 0% used [0x0000001fbec00000,0x0000001fbec00000,0x0000001fc0000000)
 ParOldGen       total 398336K, used 99303K [0x0000000080000000, 0x0000000098500000, 0x0000001fb8000000)
  object space 398336K, 24% used [0x0000000080000000,0x00000000860f9e10,0x0000000098500000)
 Metaspace       used 89695K, capacity 102624K, committed 102656K, reserved 104448K
Event: 3065.032 GC heap after
Heap after GC invocations=46 (full 4):
 PSYoungGen      total 105472K, used 17166K [0x0000001fb8000000, 0x0000001fc0000000, 0x0000001fc0000000)
  eden space 84992K, 0% used [0x0000001fb8000000,0x0000001fb8000000,0x0000001fbd300000)
  from space 20480K, 83% used [0x0000001fbec00000,0x0000001fbfcc3ad0,0x0000001fc0000000)
  to   space 23040K, 0% used [0x0000001fbd300000,0x0000001fbd300000,0x0000001fbe980000)
 ParOldGen       total 398336K, used 99319K [0x0000000080000000, 0x0000000098500000, 0x0000001fb8000000)
  object space 398336K, 24% used [0x0000000080000000,0x00000000860fde10,0x0000000098500000)
 Metaspace       used 89695K, capacity 102624K, committed 102656K, reserved 104448K
}
Event: 3065.825 GC heap before
{Heap before GC invocations=47 (full 4):
 PSYoungGen      total 105472K, used 102158K [0x0000001fb8000000, 0x0000001fc0000000, 0x0000001fc0000000)
  eden space 84992K, 100% used [0x0000001fb8000000,0x0000001fbd300000,0x0000001fbd300000)
  from space 20480K, 83% used [0x0000001fbec00000,0x0000001fbfcc3ad0,0x0000001fc0000000)
  to   space 23040K, 0% used [0x0000001fbd300000,0x0000001fbd300000,0x0000001fbe980000)
 ParOldGen       total 398336K, used 99319K [0x0000000080000000, 0x0000000098500000, 0x0000001fb8000000)
  object space 398336K, 24% used [0x0000000080000000,0x00000000860fde10,0x0000000098500000)
 Metaspace       used 90722K, capacity 103656K, committed 103680K, reserved 104448K
Event: 3065.838 GC heap after
Heap after GC invocations=47 (full 4):
 PSYoungGen      total 104960K, used 19693K [0x0000001fb8000000, 0x0000001fc0000000, 0x0000001fc0000000)
  eden space 84992K, 0% used [0x0000001fb8000000,0x0000001fb8000000,0x0000001fbd300000)
  from space 19968K, 98% used [0x0000001fbd300000,0x0000001fbe63b498,0x0000001fbe680000)
  to   space 25600K, 0% used [0x0000001fbe700000,0x0000001fbe700000,0x0000001fc0000000)
 ParOldGen       total 398336K, used 99513K [0x0000000080000000, 0x0000000098500000, 0x0000001fb8000000)
  object space 398336K, 24% used [0x0000000080000000,0x000000008612e6d8,0x0000000098500000)
 Metaspace       used 90722K, capacity 103656K, committed 103680K, reserved 104448K
}

